生成启动时间为 2015/8/16 14:09:17。
     1>项目“E:\VisualStido workspace\face_detection\face_detection\face_detection.vcxproj”在节点 2 上(build 个目标)。
     1>InitializeBuildStatus:
         正在创建“Debug\face_detection.unsuccessfulbuild”，因为已指定“AlwaysCreate”。
       ClCompile:
         D:\visual studio2010\VC\bin\CL.exe /c /ZI /nologo /W3 /WX- /Od /Oy- /D WIN32 /D _DEBUG /D _CONSOLE /D _UNICODE /D UNICODE /Gm /EHsc /RTC1 /MDd /GS /fp:precise /Zc:wchar_t /Zc:forScope /Fo"Debug\\" /Fd"Debug\vc100.pdb" /Gd /TP /analyze- /errorReport:prompt face_detection.cpp
         face_detection.cpp
     1>e:\opencv\build\include\opencv2\flann\logger.h(66): warning C4996: 'fopen': This function or variable may be unsafe. Consider using fopen_s instead. To disable deprecation, use _CRT_SECURE_NO_WARNINGS. See online help for details.
                 d:\visual studio2010\vc\include\stdio.h(234) : 参见“fopen”的声明
     1>e:\visualstido workspace\face_detection\face_detection\face_detection.cpp(774): warning C4258: “i”: 忽略 For 循环中的定义；使用封闭范围中的定义
                 e:\visualstido workspace\face_detection\face_detection\face_detection.cpp(757) : 忽略“i”的定义
                 e:\visualstido workspace\face_detection\face_detection\face_detection.cpp(707) : 使用“i”的定义
     1>e:\visualstido workspace\face_detection\face_detection\face_detection.cpp(774): warning C4258: “i”: 忽略 For 循环中的定义；使用封闭范围中的定义
                 e:\visualstido workspace\face_detection\face_detection\face_detection.cpp(757) : 忽略“i”的定义
                 e:\visualstido workspace\face_detection\face_detection\face_detection.cpp(707) : 使用“i”的定义
     1>e:\visualstido workspace\face_detection\face_detection\face_detection.cpp(775): warning C4258: “i”: 忽略 For 循环中的定义；使用封闭范围中的定义
                 e:\visualstido workspace\face_detection\face_detection\face_detection.cpp(757) : 忽略“i”的定义
                 e:\visualstido workspace\face_detection\face_detection\face_detection.cpp(707) : 使用“i”的定义
     1>e:\visualstido workspace\face_detection\face_detection\face_detection.cpp(775): warning C4258: “i”: 忽略 For 循环中的定义；使用封闭范围中的定义
                 e:\visualstido workspace\face_detection\face_detection\face_detection.cpp(757) : 忽略“i”的定义
                 e:\visualstido workspace\face_detection\face_detection\face_detection.cpp(707) : 使用“i”的定义
     1>e:\visualstido workspace\face_detection\face_detection\face_detection.cpp(776): warning C4258: “i”: 忽略 For 循环中的定义；使用封闭范围中的定义
                 e:\visualstido workspace\face_detection\face_detection\face_detection.cpp(757) : 忽略“i”的定义
                 e:\visualstido workspace\face_detection\face_detection\face_detection.cpp(707) : 使用“i”的定义
     1>e:\visualstido workspace\face_detection\face_detection\face_detection.cpp(776): warning C4258: “i”: 忽略 For 循环中的定义；使用封闭范围中的定义
                 e:\visualstido workspace\face_detection\face_detection\face_detection.cpp(757) : 忽略“i”的定义
                 e:\visualstido workspace\face_detection\face_detection\face_detection.cpp(707) : 使用“i”的定义
     1>e:\visualstido workspace\face_detection\face_detection\face_detection.cpp(795): warning C4258: “i”: 忽略 For 循环中的定义；使用封闭范围中的定义
                 e:\visualstido workspace\face_detection\face_detection\face_detection.cpp(757) : 忽略“i”的定义
                 e:\visualstido workspace\face_detection\face_detection\face_detection.cpp(707) : 使用“i”的定义
     1>e:\visualstido workspace\face_detection\face_detection\face_detection.cpp(795): warning C4258: “i”: 忽略 For 循环中的定义；使用封闭范围中的定义
                 e:\visualstido workspace\face_detection\face_detection\face_detection.cpp(757) : 忽略“i”的定义
                 e:\visualstido workspace\face_detection\face_detection\face_detection.cpp(707) : 使用“i”的定义
     1>e:\visualstido workspace\face_detection\face_detection\face_detection.cpp(799): warning C4258: “i”: 忽略 For 循环中的定义；使用封闭范围中的定义
                 e:\visualstido workspace\face_detection\face_detection\face_detection.cpp(757) : 忽略“i”的定义
                 e:\visualstido workspace\face_detection\face_detection\face_detection.cpp(707) : 使用“i”的定义
     1>e:\visualstido workspace\face_detection\face_detection\face_detection.cpp(799): warning C4258: “i”: 忽略 For 循环中的定义；使用封闭范围中的定义
                 e:\visualstido workspace\face_detection\face_detection\face_detection.cpp(757) : 忽略“i”的定义
                 e:\visualstido workspace\face_detection\face_detection\face_detection.cpp(707) : 使用“i”的定义
     1>e:\visualstido workspace\face_detection\face_detection\face_detection.cpp(809): warning C4258: “i”: 忽略 For 循环中的定义；使用封闭范围中的定义
                 e:\visualstido workspace\face_detection\face_detection\face_detection.cpp(757) : 忽略“i”的定义
                 e:\visualstido workspace\face_detection\face_detection\face_detection.cpp(707) : 使用“i”的定义
     1>e:\visualstido workspace\face_detection\face_detection\face_detection.cpp(814): warning C4258: “i”: 忽略 For 循环中的定义；使用封闭范围中的定义
                 e:\visualstido workspace\face_detection\face_detection\face_detection.cpp(757) : 忽略“i”的定义
                 e:\visualstido workspace\face_detection\face_detection\face_detection.cpp(707) : 使用“i”的定义
     1>e:\visualstido workspace\face_detection\face_detection\face_detection.cpp(814): warning C4258: “i”: 忽略 For 循环中的定义；使用封闭范围中的定义
                 e:\visualstido workspace\face_detection\face_detection\face_detection.cpp(757) : 忽略“i”的定义
                 e:\visualstido workspace\face_detection\face_detection\face_detection.cpp(707) : 使用“i”的定义
     1>e:\visualstido workspace\face_detection\face_detection\face_detection.cpp(814): warning C4244: “初始化”: 从“float”转换到“int”，可能丢失数据
     1>e:\visualstido workspace\face_detection\face_detection\face_detection.cpp(819): warning C4258: “i”: 忽略 For 循环中的定义；使用封闭范围中的定义
                 e:\visualstido workspace\face_detection\face_detection\face_detection.cpp(757) : 忽略“i”的定义
                 e:\visualstido workspace\face_detection\face_detection\face_detection.cpp(707) : 使用“i”的定义
     1>e:\visualstido workspace\face_detection\face_detection\face_detection.cpp(841): warning C4258: “i”: 忽略 For 循环中的定义；使用封闭范围中的定义
                 e:\visualstido workspace\face_detection\face_detection\face_detection.cpp(757) : 忽略“i”的定义
                 e:\visualstido workspace\face_detection\face_detection\face_detection.cpp(707) : 使用“i”的定义
     1>e:\visualstido workspace\face_detection\face_detection\face_detection.cpp(841): warning C4258: “i”: 忽略 For 循环中的定义；使用封闭范围中的定义
                 e:\visualstido workspace\face_detection\face_detection\face_detection.cpp(757) : 忽略“i”的定义
                 e:\visualstido workspace\face_detection\face_detection\face_detection.cpp(707) : 使用“i”的定义
     1>e:\visualstido workspace\face_detection\face_detection\face_detection.cpp(842): warning C4258: “i”: 忽略 For 循环中的定义；使用封闭范围中的定义
                 e:\visualstido workspace\face_detection\face_detection\face_detection.cpp(757) : 忽略“i”的定义
                 e:\visualstido workspace\face_detection\face_detection\face_detection.cpp(707) : 使用“i”的定义
     1>e:\visualstido workspace\face_detection\face_detection\face_detection.cpp(842): warning C4258: “i”: 忽略 For 循环中的定义；使用封闭范围中的定义
                 e:\visualstido workspace\face_detection\face_detection\face_detection.cpp(757) : 忽略“i”的定义
                 e:\visualstido workspace\face_detection\face_detection\face_detection.cpp(707) : 使用“i”的定义
     1>e:\visualstido workspace\face_detection\face_detection\face_detection.cpp(843): warning C4258: “i”: 忽略 For 循环中的定义；使用封闭范围中的定义
                 e:\visualstido workspace\face_detection\face_detection\face_detection.cpp(757) : 忽略“i”的定义
                 e:\visualstido workspace\face_detection\face_detection\face_detection.cpp(707) : 使用“i”的定义
     1>e:\visualstido workspace\face_detection\face_detection\face_detection.cpp(843): warning C4258: “i”: 忽略 For 循环中的定义；使用封闭范围中的定义
                 e:\visualstido workspace\face_detection\face_detection\face_detection.cpp(757) : 忽略“i”的定义
                 e:\visualstido workspace\face_detection\face_detection\face_detection.cpp(707) : 使用“i”的定义
     1>e:\visualstido workspace\face_detection\face_detection\face_detection.cpp(933): warning C4244: “初始化”: 从“int”转换到“float”，可能丢失数据
     1>e:\visualstido workspace\face_detection\face_detection\face_detection.cpp(934): warning C4244: “初始化”: 从“int”转换到“float”，可能丢失数据
     1>e:\visualstido workspace\face_detection\face_detection\face_detection.cpp(958): warning C4244: “参数”: 从“float”转换到“int”，可能丢失数据
     1>e:\visualstido workspace\face_detection\face_detection\face_detection.cpp(960): warning C4305: “*=”: 从“double”到“float”截断
     1>e:\visualstido workspace\face_detection\face_detection\face_detection.cpp(974): warning C4244: “参数”: 从“double”转换到“int”，可能丢失数据
     1>e:\visualstido workspace\face_detection\face_detection\face_detection.cpp(974): warning C4244: “参数”: 从“double”转换到“int”，可能丢失数据
     1>e:\visualstido workspace\face_detection\face_detection\face_detection.cpp(1283): warning C4244: “=”: 从“double”转换到“float”，可能丢失数据
     1>e:\visualstido workspace\face_detection\face_detection\face_detection.cpp(1301): warning C4244: “=”: 从“double”转换到“float”，可能丢失数据
       ManifestResourceCompile:
         所有输出均为最新。
       Link:
         D:\visual studio2010\VC\bin\link.exe /ERRORREPORT:PROMPT /OUT:"E:\VisualStido workspace\face_detection\Debug\face_detection.exe" /INCREMENTAL /NOLOGO opencv_ml249d.lib opencv_calib3d249d.lib opencv_contrib249d.lib opencv_core249d.lib opencv_features2d249d.lib opencv_flann249d.lib opencv_gpu249d.lib opencv_highgui249d.lib opencv_imgproc249d.lib opencv_legacy249d.lib opencv_objdetect249d.lib opencv_ts249d.lib opencv_video249d.lib opencv_nonfree249d.lib opencv_ocl249d.lib opencv_photo249d.lib opencv_stitching249d.lib opencv_superres249d.lib opencv_videostab249d.lib opencv_objdetect249.lib opencv_ts249.lib opencv_video249.lib opencv_nonfree249.lib opencv_ocl249.lib opencv_photo249.lib opencv_stitching249.lib opencv_superres249.lib opencv_videostab249.lib opencv_calib3d249.lib opencv_contrib249.lib opencv_core249.lib opencv_features2d249.lib opencv_flann249.lib opencv_gpu249.lib opencv_highgui249.lib opencv_imgproc249.lib opencv_legacy249.lib opencv_ml249.lib opencv_ml249d.lib opencv_calib3d249d.lib opencv_contrib249d.lib opencv_core249d.lib opencv_features2d249d.lib opencv_flann249d.lib opencv_gpu249d.lib opencv_highgui249d.lib opencv_imgproc249d.lib opencv_legacy249d.lib opencv_objdetect249d.lib opencv_ts249d.lib opencv_video249d.lib opencv_nonfree249d.lib opencv_ocl249d.lib opencv_photo249d.lib opencv_stitching249d.lib opencv_superres249d.lib opencv_videostab249d.lib opencv_objdetect249.lib opencv_ts249.lib opencv_video249.lib opencv_nonfree249.lib opencv_ocl249.lib opencv_photo249.lib opencv_stitching249.lib opencv_superres249.lib opencv_videostab249.lib opencv_calib3d249.lib opencv_contrib249.lib opencv_core249.lib opencv_features2d249.lib opencv_flann249.lib opencv_gpu249.lib opencv_highgui249.lib opencv_imgproc249.lib opencv_legacy249.lib opencv_ml249.lib kernel32.lib user32.lib gdi32.lib winspool.lib comdlg32.lib advapi32.lib shell32.lib ole32.lib oleaut32.lib uuid.lib odbc32.lib odbccp32.lib /MANIFEST /ManifestFile:"Debug\face_detection.exe.intermediate.manifest" /MANIFESTUAC:"level='asInvoker' uiAccess='false'" /DEBUG /PDB:"E:\VisualStido workspace\face_detection\Debug\face_detection.pdb" /SUBSYSTEM:CONSOLE /TLBID:1 /DYNAMICBASE /NXCOMPAT /IMPLIB:"E:\VisualStido workspace\face_detection\Debug\face_detection.lib" /MACHINE:X86 Debug\face_detection.exe.embed.manifest.res
         Debug\face_detection.obj
         Debug\tinystr.obj
         Debug\tinyxml.obj
         Debug\tinyxmlerror.obj
         Debug\tinyxmlparser.obj
       Manifest:
         C:\Program Files (x86)\Microsoft SDKs\Windows\v7.0A\bin\mt.exe /nologo /verbose /out:"Debug\face_detection.exe.embed.manifest" /manifest Debug\face_detection.exe.intermediate.manifest
         所有输出均为最新。
       LinkEmbedManifest:
         所有输出均为最新。
         face_detection.vcxproj -> E:\VisualStido workspace\face_detection\Debug\face_detection.exe
       FinalizeBuildStatus:
         正在删除文件“Debug\face_detection.unsuccessfulbuild”。
         正在对“Debug\face_detection.lastbuildstate”执行 Touch 任务。
     1>已完成生成项目“E:\VisualStido workspace\face_detection\face_detection\face_detection.vcxproj”(build 个目标)的操作。

生成成功。

已用时间 00:00:02.20
